{"contracts/NftMarketplace.sol":{"l":{"73":16,"74":1,"79":15,"80":15,"81":0,"85":15,"86":15,"93":5,"94":5,"95":1,"97":4,"98":4,"99":4,"100":4,"107":2,"108":2,"116":2,"117":2,"121":2,"122":2,"123":1,"125":1,"126":1,"127":0,"136":4,"143":7,"155":22,"156":22,"158":22,"159":0,"161":22,"168":17,"169":17,"170":1,"172":16,"175":12,"176":12,"177":3,"179":9},"path":"/home/cmax/Desktop/Blockchain/hardhat-nft-marketplace/contracts/NftMarketplace.sol","s":{"1":16,"2":15,"3":15,"4":15,"5":5,"6":5,"7":4,"8":4,"9":2,"10":2,"11":2,"12":2,"13":1,"14":1,"15":4,"16":7,"17":22,"18":22,"19":22,"20":17,"21":17,"22":12,"23":12},"b":{"1":[16,1],"2":[16,0],"3":[1,15],"4":[0,15],"5":[5,1],"6":[5,0],"7":[1,4],"8":[3,0],"9":[2,1],"10":[3,0],"11":[2,1],"12":[2,0],"13":[1,1],"14":[0,1],"15":[0,22],"16":[1,16],"17":[3,9]},"f":{"1":16,"2":5,"3":2,"4":2,"5":2,"6":4,"7":7,"8":22,"9":17,"10":12},"fnMap":{"1":{"name":"listItem","line":72,"loc":{"start":{"line":68,"column":4},"end":{"line":87,"column":4}}},"2":{"name":"buyItem","line":92,"loc":{"start":{"line":89,"column":4},"end":{"line":101,"column":4}}},"3":{"name":"cancelItem","line":106,"loc":{"start":{"line":103,"column":4},"end":{"line":109,"column":4}}},"4":{"name":"updateListing","line":115,"loc":{"start":{"line":111,"column":4},"end":{"line":118,"column":4}}},"5":{"name":"withdrawProceeds","line":120,"loc":{"start":{"line":120,"column":4},"end":{"line":129,"column":4}}},"6":{"name":"getProceeds","line":135,"loc":{"start":{"line":135,"column":4},"end":{"line":137,"column":4}}},"7":{"name":"getListing","line":139,"loc":{"start":{"line":139,"column":4},"end":{"line":144,"column":4}}},"8":{"name":"isOwner","line":150,"loc":{"start":{"line":150,"column":4},"end":{"line":162,"column":4}}},"9":{"name":"notListed","line":163,"loc":{"start":{"line":163,"column":4},"end":{"line":173,"column":4}}},"10":{"name":"isListed","line":174,"loc":{"start":{"line":174,"column":4},"end":{"line":180,"column":4}}}},"statementMap":{"1":{"start":{"line":73,"column":8},"end":{"line":73,"column":2305}},"2":{"start":{"line":79,"column":8},"end":{"line":79,"column":41}},"3":{"start":{"line":80,"column":8},"end":{"line":80,"column":2524}},"4":{"start":{"line":86,"column":8},"end":{"line":86,"column":63}},"5":{"start":{"line":93,"column":8},"end":{"line":93,"column":67}},"6":{"start":{"line":94,"column":8},"end":{"line":94,"column":3061}},"7":{"start":{"line":99,"column":8},"end":{"line":99,"column":83}},"8":{"start":{"line":100,"column":8},"end":{"line":100,"column":74}},"9":{"start":{"line":108,"column":8},"end":{"line":108,"column":58}},"10":{"start":{"line":117,"column":8},"end":{"line":117,"column":66}},"11":{"start":{"line":121,"column":8},"end":{"line":121,"column":49}},"12":{"start":{"line":122,"column":8},"end":{"line":122,"column":4212}},"13":{"start":{"line":125,"column":8},"end":{"line":125,"column":72}},"14":{"start":{"line":126,"column":8},"end":{"line":126,"column":4374}},"15":{"start":{"line":136,"column":8},"end":{"line":136,"column":33}},"16":{"start":{"line":143,"column":8},"end":{"line":143,"column":46}},"17":{"start":{"line":155,"column":8},"end":{"line":155,"column":41}},"18":{"start":{"line":156,"column":8},"end":{"line":156,"column":44}},"19":{"start":{"line":158,"column":8},"end":{"line":158,"column":5125}},"20":{"start":{"line":168,"column":8},"end":{"line":168,"column":64}},"21":{"start":{"line":169,"column":8},"end":{"line":169,"column":5404}},"22":{"start":{"line":175,"column":8},"end":{"line":175,"column":64}},"23":{"start":{"line":176,"column":8},"end":{"line":176,"column":5662}}},"branchMap":{"1":{"line":72,"type":"if","locations":[{"start":{"line":72,"column":15},"end":{"line":72,"column":15}},{"start":{"line":72,"column":15},"end":{"line":72,"column":15}}]},"2":{"line":72,"type":"if","locations":[{"start":{"line":72,"column":58},"end":{"line":72,"column":58}},{"start":{"line":72,"column":58},"end":{"line":72,"column":58}}]},"3":{"line":73,"type":"if","locations":[{"start":{"line":73,"column":8},"end":{"line":73,"column":8}},{"start":{"line":73,"column":8},"end":{"line":73,"column":8}}]},"4":{"line":80,"type":"if","locations":[{"start":{"line":80,"column":8},"end":{"line":80,"column":8}},{"start":{"line":80,"column":8},"end":{"line":80,"column":8}}]},"5":{"line":92,"type":"if","locations":[{"start":{"line":92,"column":23},"end":{"line":92,"column":23}},{"start":{"line":92,"column":23},"end":{"line":92,"column":23}}]},"6":{"line":92,"type":"if","locations":[{"start":{"line":92,"column":53},"end":{"line":92,"column":53}},{"start":{"line":92,"column":53},"end":{"line":92,"column":53}}]},"7":{"line":94,"type":"if","locations":[{"start":{"line":94,"column":8},"end":{"line":94,"column":8}},{"start":{"line":94,"column":8},"end":{"line":94,"column":8}}]},"8":{"line":106,"type":"if","locations":[{"start":{"line":106,"column":15},"end":{"line":106,"column":15}},{"start":{"line":106,"column":15},"end":{"line":106,"column":15}}]},"9":{"line":106,"type":"if","locations":[{"start":{"line":106,"column":56},"end":{"line":106,"column":56}},{"start":{"line":106,"column":56},"end":{"line":106,"column":56}}]},"10":{"line":115,"type":"if","locations":[{"start":{"line":115,"column":15},"end":{"line":115,"column":15}},{"start":{"line":115,"column":15},"end":{"line":115,"column":15}}]},"11":{"line":115,"type":"if","locations":[{"start":{"line":115,"column":56},"end":{"line":115,"column":56}},{"start":{"line":115,"column":56},"end":{"line":115,"column":56}}]},"12":{"line":120,"type":"if","locations":[{"start":{"line":120,"column":41},"end":{"line":120,"column":41}},{"start":{"line":120,"column":41},"end":{"line":120,"column":41}}]},"13":{"line":122,"type":"if","locations":[{"start":{"line":122,"column":8},"end":{"line":122,"column":8}},{"start":{"line":122,"column":8},"end":{"line":122,"column":8}}]},"14":{"line":126,"type":"if","locations":[{"start":{"line":126,"column":8},"end":{"line":126,"column":8}},{"start":{"line":126,"column":8},"end":{"line":126,"column":8}}]},"15":{"line":158,"type":"if","locations":[{"start":{"line":158,"column":8},"end":{"line":158,"column":8}},{"start":{"line":158,"column":8},"end":{"line":158,"column":8}}]},"16":{"line":169,"type":"if","locations":[{"start":{"line":169,"column":8},"end":{"line":169,"column":8}},{"start":{"line":169,"column":8},"end":{"line":169,"column":8}}]},"17":{"line":176,"type":"if","locations":[{"start":{"line":176,"column":8},"end":{"line":176,"column":8}},{"start":{"line":176,"column":8},"end":{"line":176,"column":8}}]}}},"contracts/test/BasicNft.sol":{"l":{"11":3,"14":23,"15":23,"16":23,"20":1,"24":2},"path":"/home/cmax/Desktop/Blockchain/hardhat-nft-marketplace/contracts/test/BasicNft.sol","s":{"1":23,"2":23,"3":1,"4":2},"b":{},"f":{"1":3,"2":23,"3":1,"4":2},"fnMap":{"1":{"name":"constructor","line":10,"loc":{"start":{"line":10,"column":4},"end":{"line":12,"column":4}}},"2":{"name":"mintNft","line":13,"loc":{"start":{"line":13,"column":4},"end":{"line":17,"column":4}}},"3":{"name":"tokenURI","line":19,"loc":{"start":{"line":19,"column":4},"end":{"line":21,"column":4}}},"4":{"name":"getTokenCounter","line":23,"loc":{"start":{"line":23,"column":4},"end":{"line":25,"column":4}}}},"statementMap":{"1":{"start":{"line":14,"column":8},"end":{"line":14,"column":44}},"2":{"start":{"line":16,"column":8},"end":{"line":16,"column":29}},"3":{"start":{"line":20,"column":8},"end":{"line":20,"column":24}},"4":{"start":{"line":24,"column":8},"end":{"line":24,"column":29}}},"branchMap":{}}}