TN:
SF:/home/cmax/Desktop/Blockchain/hardhat-nft-marketplace/contracts/NftMarketplace.sol
FN:72,listItem
FN:92,buyItem
FN:106,cancelItem
FN:115,updateListing
FN:120,withdrawProceeds
FN:135,getProceeds
FN:139,getListing
FN:150,isOwner
FN:163,notListed
FN:174,isListed
FNF:10
FNH:10
FNDA:16,listItem
FNDA:5,buyItem
FNDA:2,cancelItem
FNDA:2,updateListing
FNDA:2,withdrawProceeds
FNDA:4,getProceeds
FNDA:7,getListing
FNDA:22,isOwner
FNDA:17,notListed
FNDA:12,isListed
DA:73,16
DA:74,1
DA:79,15
DA:80,15
DA:81,0
DA:85,15
DA:86,15
DA:93,5
DA:94,5
DA:95,1
DA:97,4
DA:98,4
DA:99,4
DA:100,4
DA:107,2
DA:108,2
DA:116,2
DA:117,2
DA:121,2
DA:122,2
DA:123,1
DA:125,1
DA:126,1
DA:127,0
DA:136,4
DA:143,7
DA:155,22
DA:156,22
DA:158,22
DA:159,0
DA:161,22
DA:168,17
DA:169,17
DA:170,1
DA:172,16
DA:175,12
DA:176,12
DA:177,3
DA:179,9
LF:39
LH:36
BRDA:72,1,0,16
BRDA:72,1,1,1
BRDA:72,2,0,16
BRDA:72,2,1,0
BRDA:73,3,0,1
BRDA:73,3,1,15
BRDA:80,4,0,0
BRDA:80,4,1,15
BRDA:92,5,0,5
BRDA:92,5,1,1
BRDA:92,6,0,5
BRDA:92,6,1,0
BRDA:94,7,0,1
BRDA:94,7,1,4
BRDA:106,8,0,3
BRDA:106,8,1,0
BRDA:106,9,0,2
BRDA:106,9,1,1
BRDA:115,10,0,3
BRDA:115,10,1,0
BRDA:115,11,0,2
BRDA:115,11,1,1
BRDA:120,12,0,2
BRDA:120,12,1,0
BRDA:122,13,0,1
BRDA:122,13,1,1
BRDA:126,14,0,0
BRDA:126,14,1,1
BRDA:158,15,0,0
BRDA:158,15,1,22
BRDA:169,16,0,1
BRDA:169,16,1,16
BRDA:176,17,0,3
BRDA:176,17,1,9
BRF:34
BRH:26
end_of_record
TN:
SF:/home/cmax/Desktop/Blockchain/hardhat-nft-marketplace/contracts/test/BasicNft.sol
FN:10,constructor
FN:13,mintNft
FN:19,tokenURI
FN:23,getTokenCounter
FNF:4
FNH:4
FNDA:3,constructor
FNDA:23,mintNft
FNDA:1,tokenURI
FNDA:2,getTokenCounter
DA:11,3
DA:14,23
DA:15,23
DA:16,23
DA:20,1
DA:24,2
LF:6
LH:6
BRF:0
BRH:0
end_of_record
